0 info it worked if it ends with ok
1 verbose cli [ 'C:\\Program Files\\nodejs\\node.exe',
1 verbose cli   'C:\\Program Files\\nodejs\\node_modules\\npm\\bin\\npm-cli.js',
1 verbose cli   'start' ]
2 info using npm@3.10.10
3 info using node@v6.9.5
4 verbose run-script [ 'prestart', 'start', 'poststart' ]
5 info lifecycle reflective-injector@1.0.0~prestart: reflective-injector@1.0.0
6 silly lifecycle reflective-injector@1.0.0~prestart: no script for prestart, continuing
7 info lifecycle reflective-injector@1.0.0~start: reflective-injector@1.0.0
8 verbose lifecycle reflective-injector@1.0.0~start: unsafe-perm in lifecycle true
9 verbose lifecycle reflective-injector@1.0.0~start: PATH: C:\Program Files\nodejs\node_modules\npm\bin\node-gyp-bin;F:\Repos\course-angular2\Samples\Change Detection\05 ChangeDetectorRef\node_modules\.bin;C:\ProgramData\Oracle\Java\javapath;C:\WINDOWS\system32;C:\WINDOWS;C:\WINDOWS\System32\Wbem;C:\WINDOWS\System32\WindowsPowerShell\v1.0\;F:\Program Files\TortoiseSVN\bin;C:\Program Files\Microsoft SQL Server\Client SDK\ODBC\110\Tools\Binn\;C:\Program Files (x86)\Microsoft SQL Server\120\Tools\Binn\;C:\Program Files\Microsoft SQL Server\120\Tools\Binn\;C:\Program Files\Microsoft SQL Server\120\DTS\Binn\;C:\Program Files (x86)\Microsoft SQL Server\120\Tools\Binn\ManagementStudio\;C:\Program Files (x86)\Microsoft SQL Server\120\DTS\Binn\;F:\Python27;C:\Program Files\TortoiseHg\;C:\Program Files (x86)\Skype\Phone\;C:\Program Files (x86)\Windows Kits\8.1\Windows Performance Toolkit\;C:\Program Files\Microsoft\Web Platform Installer\;C:\Program Files\Microsoft SQL Server\130\Tools\Binn\;C:\Program Files\nodejs\;C:\Program Files\TortoiseGit\bin;C:\Program Files (x86)\Yarn\bin;C:\Program Files\dotnet\;F:\Program Files\Git\cmd;C:\Users\Ori\.dnx\bin;F:\Tools\PsTools;C:\Program Files (x86)\MSBuild\14.0\Bin;C:\Program Files (x86)\Microsoft VS Code\bin;F:\Tools;F:\Ruby22-x64\bin;F:\Program Files\Docker Toolbox;F:\Program Files (x86)\Sophos\Sophos SSL VPN Client\bin;F:\OpenSSL\bin;C:\Users\Ori\AppData\Local\Microsoft\WindowsApps;F:\Tools\Cmder;F:\Program Files (x86)\Notepad++;F:\Tools\Cmds;C:\Users\Ori\AppData\Roaming\npm;C:\Users\Ori\AppData\Local\Yarn\bin
10 verbose lifecycle reflective-injector@1.0.0~start: CWD: F:\Repos\course-angular2\Samples\Change Detection\05 ChangeDetectorRef
11 silly lifecycle reflective-injector@1.0.0~start: Args: [ '/d /s /c', 'bu dev' ]
12 verbose stack Error: kill ENOSYS
12 verbose stack     at exports._errnoException (util.js:1022:11)
12 verbose stack     at process.kill (internal/process.js:172:13)
12 verbose stack     at process.listener (C:\Program Files\nodejs\node_modules\npm\node_modules\npmlog\node_modules\gauge\node_modules\signal-exit\index.js:86:15)
12 verbose stack     at emitNone (events.js:91:20)
12 verbose stack     at process.emit (events.js:185:7)
12 verbose stack     at processEmit (C:\Program Files\nodejs\node_modules\npm\node_modules\npmlog\node_modules\gauge\node_modules\signal-exit\index.js:146:32)
12 verbose stack     at processEmit (C:\Program Files\nodejs\node_modules\npm\node_modules\npm-registry-client\node_modules\npmlog\node_modules\gauge\node_modules\signal-exit\index.js:146:32)
12 verbose stack     at Signal.wrap.onsignal (internal/process.js:199:44)
13 verbose cwd F:\Repos\course-angular2\Samples\Change Detection\05 ChangeDetectorRef
14 error Windows_NT 10.0.14393
15 error argv "C:\\Program Files\\nodejs\\node.exe" "C:\\Program Files\\nodejs\\node_modules\\npm\\bin\\npm-cli.js" "start"
16 error node v6.9.5
17 error npm  v3.10.10
18 error code ENOSYS
19 error errno ENOSYS
20 error syscall kill
21 error kill ENOSYS
22 error If you need help, you may report this error at:
22 error     <https://github.com/npm/npm/issues>
23 verbose exit [ 1, true ]
