0 info it worked if it ends with ok
1 verbose cli [ 'C:\\Program Files\\nodejs\\node.exe',
1 verbose cli   'C:\\Program Files\\nodejs\\node_modules\\npm\\bin\\npm-cli.js',
1 verbose cli   'start' ]
2 info using npm@3.10.10
3 info using node@v6.9.5
4 verbose run-script [ 'prestart', 'start', 'poststart' ]
5 info lifecycle reflective-injector@1.0.0~prestart: reflective-injector@1.0.0
6 silly lifecycle reflective-injector@1.0.0~prestart: no script for prestart, continuing
7 info lifecycle reflective-injector@1.0.0~start: reflective-injector@1.0.0
8 verbose lifecycle reflective-injector@1.0.0~start: unsafe-perm in lifecycle true
9 verbose lifecycle reflective-injector@1.0.0~start: PATH: C:\Program Files\nodejs\node_modules\npm\bin\node-gyp-bin;F:\Repos\course-angular2\Samples\Advanced Components\00 seed\node_modules\.bin;F:\Tools\Cmder\bin;F:\Tools\Cmder\vendor\conemu-maximus5\ConEmu\Scripts;F:\Tools\Cmder\vendor\conemu-maximus5;F:\Tools\Cmder\vendor\conemu-maximus5\ConEmu;C:\ProgramData\Oracle\Java\javapath;C:\WINDOWS\system32;C:\WINDOWS;C:\WINDOWS\System32\Wbem;C:\WINDOWS\System32\WindowsPowerShell\v1.0\;F:\Program Files\TortoiseSVN\bin;C:\Program Files\Microsoft SQL Server\Client SDK\ODBC\110\Tools\Binn\;C:\Program Files (x86)\Microsoft SQL Server\120\Tools\Binn\;C:\Program Files\Microsoft SQL Server\120\Tools\Binn\;C:\Program Files\Microsoft SQL Server\120\DTS\Binn\;C:\Program Files (x86)\Microsoft SQL Server\120\Tools\Binn\ManagementStudio\;C:\Program Files (x86)\Microsoft SQL Server\120\DTS\Binn\;F:\Python27;C:\Program Files\TortoiseHg\;C:\Program Files (x86)\Skype\Phone\;F:\Program Files\Git\cmd;C:\Program Files (x86)\Windows Kits\8.1\Windows Performance Toolkit\;C:\Program Files\Microsoft\Web Platform Installer\;C:\Program Files\Microsoft SQL Server\130\Tools\Binn\;C:\Program Files\nodejs\;C:\Program Files\TortoiseGit\bin;C:\Program Files (x86)\Yarn\bin;C:\Users\Ori\.dnx\bin;F:\Tools\PsTools;C:\Program Files (x86)\MSBuild\14.0\Bin;C:\Program Files (x86)\Microsoft VS Code\bin;F:\Tools;F:\Ruby22-x64\bin;F:\Program Files\Docker Toolbox;F:\Program Files (x86)\Sophos\Sophos SSL VPN Client\bin;F:\OpenSSL\bin;C:\Users\Ori\AppData\Local\Microsoft\WindowsApps;F:\Tools\Cmder;F:\Program Files (x86)\Notepad++;F:\Tools\Cmds;C:\Users\Ori\AppData\Roaming\npm;C:\Users\Ori\AppData\Local\Yarn\.bin;F:\Program Files\Git\usr\bin;F:\Program Files\Git\usr\share\vim\vim74;F:\Tools\Cmder\
10 verbose lifecycle reflective-injector@1.0.0~start: CWD: F:\Repos\course-angular2\Samples\Advanced Components\00 seed
11 silly lifecycle reflective-injector@1.0.0~start: Args: [ '/d /s /c', 'bu dev' ]
12 silly lifecycle reflective-injector@1.0.0~start: Returned: code: 3221225786  signal: null
13 info lifecycle reflective-injector@1.0.0~start: Failed to exec start script
14 verbose stack Error: reflective-injector@1.0.0 start: `bu dev`
14 verbose stack Exit status 3221225786
14 verbose stack     at EventEmitter.<anonymous> (C:\Program Files\nodejs\node_modules\npm\lib\utils\lifecycle.js:255:16)
14 verbose stack     at emitTwo (events.js:106:13)
14 verbose stack     at EventEmitter.emit (events.js:191:7)
14 verbose stack     at ChildProcess.<anonymous> (C:\Program Files\nodejs\node_modules\npm\lib\utils\spawn.js:40:14)
14 verbose stack     at emitTwo (events.js:106:13)
14 verbose stack     at ChildProcess.emit (events.js:191:7)
14 verbose stack     at maybeClose (internal/child_process.js:877:16)
14 verbose stack     at Process.ChildProcess._handle.onexit (internal/child_process.js:226:5)
15 verbose pkgid reflective-injector@1.0.0
16 verbose cwd F:\Repos\course-angular2\Samples\Advanced Components\00 seed
17 error Windows_NT 10.0.14393
18 error argv "C:\\Program Files\\nodejs\\node.exe" "C:\\Program Files\\nodejs\\node_modules\\npm\\bin\\npm-cli.js" "start"
19 error node v6.9.5
20 error npm  v3.10.10
21 error code ELIFECYCLE
22 error reflective-injector@1.0.0 start: `bu dev`
22 error Exit status 3221225786
23 error Failed at the reflective-injector@1.0.0 start script 'bu dev'.
23 error Make sure you have the latest version of node.js and npm installed.
23 error If you do, this is most likely a problem with the reflective-injector package,
23 error not with npm itself.
23 error Tell the author that this fails on your system:
23 error     bu dev
23 error You can get information on how to open an issue for this project with:
23 error     npm bugs reflective-injector
23 error Or if that isn't available, you can get their info via:
23 error     npm owner ls reflective-injector
23 error There is likely additional logging output above.
24 verbose exit [ 1, true ]
